\BOOKMARK [1][]{section.1}{\376\377\000I\000n\000t\000r\000o\000d\000u\000c\000t\000i\000o\000n}{}% 1
\BOOKMARK [1][]{section.2}{\376\377\000R\000e\000s\000e\000a\000r\000c\000h\000\040\000Q\000u\000e\000s\000t\000i\000o\000n\000s}{}% 2
\BOOKMARK [1][]{section.3}{\376\377\000R\000e\000l\000a\000t\000e\000d\000\040\000W\000o\000r\000k}{}% 3
\BOOKMARK [2][]{subsection.3.1}{\376\377\000P\000a\000r\000a\000m\000e\000t\000e\000r\000-\000E\000f\000f\000i\000c\000i\000e\000n\000t\000\040\000F\000i\000n\000e\000-\000T\000u\000n\000i\000n\000g}{section.3}% 4
\BOOKMARK [2][]{subsection.3.2}{\376\377\000R\000e\000t\000r\000i\000e\000v\000a\000l\000-\000A\000u\000g\000m\000e\000n\000t\000e\000d\000\040\000G\000e\000n\000e\000r\000a\000t\000i\000o\000n\000\040\000S\000y\000s\000t\000e\000m\000s}{section.3}% 5
\BOOKMARK [2][]{subsection.3.3}{\376\377\000H\000y\000b\000r\000i\000d\000\040\000I\000n\000f\000o\000r\000m\000a\000t\000i\000o\000n\000\040\000R\000e\000t\000r\000i\000e\000v\000a\000l\000\040\000S\000t\000r\000a\000t\000e\000g\000i\000e\000s}{section.3}% 6
\BOOKMARK [2][]{subsection.3.4}{\376\377\000S\000o\000f\000t\000w\000a\000r\000e\000\040\000A\000r\000c\000h\000i\000t\000e\000c\000t\000u\000r\000e\000\040\000f\000o\000r\000\040\000M\000L\000\040\000S\000y\000s\000t\000e\000m\000s}{section.3}% 7
\BOOKMARK [2][]{subsection.3.5}{\376\377\000P\000o\000s\000i\000t\000i\000o\000n\000i\000n\000g\000\040\000S\000u\000m\000m\000a\000r\000y}{section.3}% 8
\BOOKMARK [1][]{section.4}{\376\377\000R\000e\000s\000e\000a\000r\000c\000h\000\040\000M\000e\000t\000h\000o\000d}{}% 9
\BOOKMARK [2][]{subsection.4.1}{\376\377\000S\000y\000s\000t\000e\000m\000\040\000A\000r\000c\000h\000i\000t\000e\000c\000t\000u\000r\000e\000:\000\040\000H\000e\000x\000a\000g\000o\000n\000a\000l\000\040\000D\000e\000s\000i\000g\000n}{section.4}% 10
\BOOKMARK [2][]{subsection.4.2}{\376\377\000F\000i\000n\000e\000-\000T\000u\000n\000i\000n\000g\000\040\000M\000e\000t\000h\000o\000d\000o\000l\000o\000g\000y}{section.4}% 11
\BOOKMARK [2][]{subsection.4.3}{\376\377\000H\000y\000b\000r\000i\000d\000\040\000R\000e\000t\000r\000i\000e\000v\000a\000l\000\040\000P\000i\000p\000e\000l\000i\000n\000e}{section.4}% 12
\BOOKMARK [2][]{subsection.4.4}{\376\377\000E\000v\000a\000l\000u\000a\000t\000i\000o\000n\000\040\000D\000e\000s\000i\000g\000n}{section.4}% 13
\BOOKMARK [2][]{subsection.4.5}{\376\377\000I\000m\000p\000l\000e\000m\000e\000n\000t\000a\000t\000i\000o\000n\000\040\000D\000e\000t\000a\000i\000l\000s}{section.4}% 14
\BOOKMARK [1][]{section.5}{\376\377\000R\000e\000s\000u\000l\000t\000s\000\040\000a\000n\000d\000\040\000D\000i\000s\000c\000u\000s\000s\000i\000o\000n}{}% 15
\BOOKMARK [2][]{subsection.5.1}{\376\377\000R\000Q\0001\000:\000\040\000Q\000u\000a\000n\000t\000i\000z\000a\000t\000i\000o\000n\000-\000P\000e\000r\000f\000o\000r\000m\000a\000n\000c\000e\000\040\000T\000r\000a\000d\000e\000-\000o\000f\000f\000s}{section.5}% 16
\BOOKMARK [2][]{subsection.5.2}{\376\377\000R\000Q\0002\000:\000\040\000H\000e\000x\000a\000g\000o\000n\000a\000l\000\040\000A\000r\000c\000h\000i\000t\000e\000c\000t\000u\000r\000e\000\040\000E\000f\000f\000e\000c\000t\000i\000v\000e\000n\000e\000s\000s}{section.5}% 17
\BOOKMARK [2][]{subsection.5.3}{\376\377\000R\000Q\0003\000:\000\040\000I\000m\000p\000l\000i\000c\000i\000t\000\040\000R\000e\000g\000u\000l\000a\000r\000i\000z\000a\000t\000i\000o\000n\000\040\000H\000y\000p\000o\000t\000h\000e\000s\000i\000s}{section.5}% 18
\BOOKMARK [2][]{subsection.5.4}{\376\377\000R\000Q\0004\000:\000\040\000H\000y\000b\000r\000i\000d\000\040\000R\000e\000t\000r\000i\000e\000v\000a\000l\000\040\000S\000u\000p\000e\000r\000i\000o\000r\000i\000t\000y}{section.5}% 19
\BOOKMARK [2][]{subsection.5.5}{\376\377\000S\000u\000m\000m\000a\000r\000y\000\040\000o\000f\000\040\000F\000i\000n\000d\000i\000n\000g\000s}{section.5}% 20
\BOOKMARK [1][]{section.6}{\376\377\000T\000h\000r\000e\000a\000t\000s\000\040\000t\000o\000\040\000V\000a\000l\000i\000d\000i\000t\000y}{}% 21
\BOOKMARK [2][]{subsection.6.1}{\376\377\000C\000o\000n\000s\000t\000r\000u\000c\000t\000\040\000V\000a\000l\000i\000d\000i\000t\000y}{section.6}% 22
\BOOKMARK [2][]{subsection.6.2}{\376\377\000I\000n\000t\000e\000r\000n\000a\000l\000\040\000V\000a\000l\000i\000d\000i\000t\000y}{section.6}% 23
\BOOKMARK [2][]{subsection.6.3}{\376\377\000E\000x\000t\000e\000r\000n\000a\000l\000\040\000V\000a\000l\000i\000d\000i\000t\000y}{section.6}% 24
\BOOKMARK [2][]{subsection.6.4}{\376\377\000C\000o\000n\000c\000l\000u\000s\000i\000o\000n\000\040\000V\000a\000l\000i\000d\000i\000t\000y}{section.6}% 25
\BOOKMARK [1][]{section.7}{\376\377\000R\000e\000p\000l\000i\000c\000a\000t\000i\000o\000n\000\040\000P\000a\000c\000k\000a\000g\000e}{}% 26
\BOOKMARK [2][]{subsection.7.1}{\376\377\000P\000a\000c\000k\000a\000g\000e\000\040\000C\000o\000n\000t\000e\000n\000t\000s}{section.7}% 27
\BOOKMARK [2][]{subsection.7.2}{\376\377\000R\000e\000p\000r\000o\000d\000u\000c\000i\000b\000i\000l\000i\000t\000y\000\040\000C\000h\000e\000c\000k\000l\000i\000s\000t}{section.7}% 28
\BOOKMARK [2][]{subsection.7.3}{\376\377\000R\000e\000p\000l\000i\000c\000a\000t\000i\000o\000n\000\040\000R\000e\000s\000o\000u\000r\000c\000e\000s}{section.7}% 29
\BOOKMARK [1][]{section.8}{\376\377\000C\000o\000n\000c\000l\000u\000s\000i\000o\000n\000\040\000a\000n\000d\000\040\000F\000u\000t\000u\000r\000e\000\040\000W\000o\000r\000k}{}% 30
\BOOKMARK [2][]{subsection.8.1}{\376\377\000S\000u\000m\000m\000a\000r\000y\000\040\000o\000f\000\040\000C\000o\000n\000t\000r\000i\000b\000u\000t\000i\000o\000n\000s}{section.8}% 31
\BOOKMARK [2][]{subsection.8.2}{\376\377\000I\000m\000p\000l\000i\000c\000a\000t\000i\000o\000n\000s\000\040\000f\000o\000r\000\040\000R\000e\000s\000e\000a\000r\000c\000h\000\040\000a\000n\000d\000\040\000P\000r\000a\000c\000t\000i\000c\000e}{section.8}% 32
\BOOKMARK [2][]{subsection.8.3}{\376\377\000F\000u\000t\000u\000r\000e\000\040\000D\000i\000r\000e\000c\000t\000i\000o\000n\000s}{section.8}% 33
\BOOKMARK [3][]{section*.2}{\376\377\000A\000c\000k\000n\000o\000w\000l\000e\000d\000g\000e\000m\000e\000n\000t\000s}{subsection.8.3}% 34
\BOOKMARK [4][]{section*.3}{\376\377\000D\000a\000t\000a\000\040\000A\000v\000a\000i\000l\000a\000b\000i\000l\000i\000t\000y}{section*.2}% 35
\BOOKMARK [5][]{section*.4}{\376\377\000C\000o\000m\000p\000e\000t\000i\000n\000g\000\040\000I\000n\000t\000e\000r\000e\000s\000t\000s}{section*.3}% 36
\BOOKMARK [5][]{section*.5}{\376\377\000A\000u\000t\000h\000o\000r\000\040\000C\000o\000n\000t\000r\000i\000b\000u\000t\000i\000o\000n\000s}{section*.3}% 37
